mode: set
github.com/aserto-dev/go-utils/testutil/json_equal.go:10.64,16.16 5 0
github.com/aserto-dev/go-utils/testutil/json_equal.go:19.2,20.16 2 0
github.com/aserto-dev/go-utils/testutil/json_equal.go:24.2,24.27 1 0
github.com/aserto-dev/go-utils/testutil/json_equal.go:16.16,18.3 1 0
github.com/aserto-dev/go-utils/testutil/json_equal.go:20.16,22.3 1 0
github.com/aserto-dev/go-utils/testutil/quick_json.go:8.51,10.16 2 0
github.com/aserto-dev/go-utils/testutil/quick_json.go:14.2,14.18 1 0
github.com/aserto-dev/go-utils/testutil/quick_json.go:10.16,12.3 1 0
github.com/aserto-dev/go-utils/testutil/test_debug.go:17.64,19.16 2 0
github.com/aserto-dev/go-utils/testutil/test_debug.go:22.2,31.3 3 0
github.com/aserto-dev/go-utils/testutil/test_debug.go:19.16,21.3 1 0
github.com/aserto-dev/go-utils/testutil/test_debug.go:34.52,36.16 2 0
github.com/aserto-dev/go-utils/testutil/test_debug.go:40.2,41.16 2 0
github.com/aserto-dev/go-utils/testutil/test_debug.go:45.2,45.20 1 0
github.com/aserto-dev/go-utils/testutil/test_debug.go:52.2,52.20 1 0
github.com/aserto-dev/go-utils/testutil/test_debug.go:36.16,38.3 1 0
github.com/aserto-dev/go-utils/testutil/test_debug.go:41.16,43.3 1 0
github.com/aserto-dev/go-utils/testutil/test_debug.go:45.20,47.17 2 0
github.com/aserto-dev/go-utils/testutil/test_debug.go:47.17,49.4 1 0
github.com/aserto-dev/go-utils/testutil/test_debug.go:55.53,57.2 1 0
github.com/aserto-dev/go-utils/testutil/vault.go:17.13,20.16 3 1
github.com/aserto-dev/go-utils/testutil/vault.go:20.16,21.13 1 0
github.com/aserto-dev/go-utils/testutil/vault.go:25.26,27.16 2 0
github.com/aserto-dev/go-utils/testutil/vault.go:27.16,28.13 1 0
github.com/aserto-dev/go-utils/testutil/vault.go:38.47,46.27 2 0
github.com/aserto-dev/go-utils/testutil/vault.go:55.2,55.21 1 0
github.com/aserto-dev/go-utils/testutil/vault.go:62.2,62.22 1 0
github.com/aserto-dev/go-utils/testutil/vault.go:82.2,83.16 2 0
github.com/aserto-dev/go-utils/testutil/vault.go:86.2,86.38 1 0
github.com/aserto-dev/go-utils/testutil/vault.go:90.2,92.16 2 0
github.com/aserto-dev/go-utils/testutil/vault.go:96.2,97.16 2 0
github.com/aserto-dev/go-utils/testutil/vault.go:101.2,102.16 2 0
github.com/aserto-dev/go-utils/testutil/vault.go:106.2,106.24 1 0
github.com/aserto-dev/go-utils/testutil/vault.go:46.27,47.15 1 0
github.com/aserto-dev/go-utils/testutil/vault.go:47.15,50.4 2 0
github.com/aserto-dev/go-utils/testutil/vault.go:50.9,51.14 1 0
github.com/aserto-dev/go-utils/testutil/vault.go:55.21,57.9 2 0
github.com/aserto-dev/go-utils/testutil/vault.go:57.9,59.4 1 0
github.com/aserto-dev/go-utils/testutil/vault.go:62.22,64.3 1 0
github.com/aserto-dev/go-utils/testutil/vault.go:64.8,64.29 1 0
github.com/aserto-dev/go-utils/testutil/vault.go:64.29,67.10 3 0
github.com/aserto-dev/go-utils/testutil/vault.go:67.10,69.4 1 0
github.com/aserto-dev/go-utils/testutil/vault.go:70.8,70.29 1 0
github.com/aserto-dev/go-utils/testutil/vault.go:70.29,72.10 2 0
github.com/aserto-dev/go-utils/testutil/vault.go:76.3,77.10 2 0
github.com/aserto-dev/go-utils/testutil/vault.go:72.10,74.4 1 0
github.com/aserto-dev/go-utils/testutil/vault.go:77.10,79.4 1 0
github.com/aserto-dev/go-utils/testutil/vault.go:83.16,85.3 1 0
github.com/aserto-dev/go-utils/testutil/vault.go:86.38,87.13 1 0
github.com/aserto-dev/go-utils/testutil/vault.go:92.16,93.13 1 0
github.com/aserto-dev/go-utils/testutil/vault.go:97.16,98.13 1 0
github.com/aserto-dev/go-utils/testutil/vault.go:102.16,103.13 1 0
github.com/aserto-dev/go-utils/cerr/errors.go:102.74,104.2 1 1
github.com/aserto-dev/go-utils/cerr/errors.go:118.46,120.9 2 0
github.com/aserto-dev/go-utils/cerr/errors.go:124.2,124.28 1 0
github.com/aserto-dev/go-utils/cerr/errors.go:120.9,122.3 1 0
github.com/aserto-dev/go-utils/cerr/errors.go:127.43,130.27 2 1
github.com/aserto-dev/go-utils/cerr/errors.go:134.2,140.3 1 1
github.com/aserto-dev/go-utils/cerr/errors.go:130.27,132.3 1 0
github.com/aserto-dev/go-utils/cerr/errors.go:143.38,146.21 2 1
github.com/aserto-dev/go-utils/cerr/errors.go:154.2,154.24 1 1
github.com/aserto-dev/go-utils/cerr/errors.go:146.21,149.34 2 1
github.com/aserto-dev/go-utils/cerr/errors.go:149.34,151.4 1 0
github.com/aserto-dev/go-utils/cerr/errors.go:154.24,156.3 1 1
github.com/aserto-dev/go-utils/cerr/errors.go:156.8,158.3 1 1
github.com/aserto-dev/go-utils/cerr/errors.go:161.55,164.27 2 0
github.com/aserto-dev/go-utils/cerr/errors.go:168.2,168.15 1 0
github.com/aserto-dev/go-utils/cerr/errors.go:164.27,166.3 1 0
github.com/aserto-dev/go-utils/cerr/errors.go:172.51,173.16 1 1
github.com/aserto-dev/go-utils/cerr/errors.go:176.2,180.40 3 1
github.com/aserto-dev/go-utils/cerr/errors.go:188.2,188.10 1 1
github.com/aserto-dev/go-utils/cerr/errors.go:173.16,175.3 1 0
github.com/aserto-dev/go-utils/cerr/errors.go:180.40,181.31 1 1
github.com/aserto-dev/go-utils/cerr/errors.go:181.31,182.31 1 0
github.com/aserto-dev/go-utils/cerr/errors.go:182.31,184.5 1 0
github.com/aserto-dev/go-utils/cerr/errors.go:191.56,194.47 2 1
github.com/aserto-dev/go-utils/cerr/errors.go:200.2,200.10 1 1
github.com/aserto-dev/go-utils/cerr/errors.go:194.47,196.3 1 0
github.com/aserto-dev/go-utils/cerr/errors.go:196.8,198.3 1 1
github.com/aserto-dev/go-utils/cerr/errors.go:203.78,208.47 3 0
github.com/aserto-dev/go-utils/cerr/errors.go:213.2,213.10 1 0
github.com/aserto-dev/go-utils/cerr/errors.go:208.47,210.3 1 0
github.com/aserto-dev/go-utils/cerr/errors.go:210.8,212.3 1 0
github.com/aserto-dev/go-utils/cerr/errors.go:216.59,220.2 3 0
github.com/aserto-dev/go-utils/cerr/errors.go:222.63,226.2 3 0
github.com/aserto-dev/go-utils/cerr/errors.go:228.65,232.2 3 0
github.com/aserto-dev/go-utils/cerr/errors.go:234.78,238.2 3 0
github.com/aserto-dev/go-utils/cerr/errors.go:240.70,244.2 3 0
github.com/aserto-dev/go-utils/cerr/errors.go:246.76,250.16 3 0
github.com/aserto-dev/go-utils/cerr/errors.go:254.2,257.10 3 0
github.com/aserto-dev/go-utils/cerr/errors.go:250.16,252.3 1 0
github.com/aserto-dev/go-utils/cerr/errors.go:260.77,264.2 3 0
github.com/aserto-dev/go-utils/cerr/errors.go:266.38,267.21 1 0
github.com/aserto-dev/go-utils/cerr/errors.go:271.2,271.12 1 0
github.com/aserto-dev/go-utils/cerr/errors.go:267.21,269.3 1 0
github.com/aserto-dev/go-utils/cerr/errors.go:274.37,275.21 1 0
github.com/aserto-dev/go-utils/cerr/errors.go:279.2,279.12 1 0
github.com/aserto-dev/go-utils/cerr/errors.go:275.21,277.3 1 0
github.com/aserto-dev/go-utils/cerr/errors.go:282.66,285.2 2 0
github.com/aserto-dev/go-utils/certs/tls.go:21.90,23.16 2 0
github.com/aserto-dev/go-utils/certs/tls.go:27.2,32.43 2 0
github.com/aserto-dev/go-utils/certs/tls.go:23.16,25.3 1 0
github.com/aserto-dev/go-utils/certs/tls.go:36.95,40.16 3 0
github.com/aserto-dev/go-utils/certs/tls.go:44.2,45.9 2 0
github.com/aserto-dev/go-utils/certs/tls.go:49.2,50.16 2 0
github.com/aserto-dev/go-utils/certs/tls.go:54.2,60.25 2 0
github.com/aserto-dev/go-utils/certs/tls.go:40.16,42.3 1 0
github.com/aserto-dev/go-utils/certs/tls.go:45.9,47.3 1 0
github.com/aserto-dev/go-utils/certs/tls.go:50.16,52.3 1 0
github.com/aserto-dev/go-utils/certs/tls.go:64.73,66.16 2 0
github.com/aserto-dev/go-utils/certs/tls.go:70.2,75.23 2 0
github.com/aserto-dev/go-utils/certs/tls.go:66.16,68.3 1 0
github.com/aserto-dev/go-utils/logger/stdlog.go:15.62,17.2 1 0
github.com/aserto-dev/go-utils/logger/stdlog.go:19.60,22.2 2 0
github.com/aserto-dev/go-utils/logger/stdlog.go:26.55,28.2 1 0
github.com/aserto-dev/go-utils/certs/certs.go:35.54,40.2 2 0
github.com/aserto-dev/go-utils/certs/certs.go:44.65,53.16 3 0
github.com/aserto-dev/go-utils/certs/certs.go:57.2,79.16 4 0
github.com/aserto-dev/go-utils/certs/certs.go:82.2,83.16 2 0
github.com/aserto-dev/go-utils/certs/certs.go:87.2,92.16 3 0
github.com/aserto-dev/go-utils/certs/certs.go:96.2,101.16 3 0
github.com/aserto-dev/go-utils/certs/certs.go:105.2,128.16 4 0
github.com/aserto-dev/go-utils/certs/certs.go:132.2,135.16 3 0
github.com/aserto-dev/go-utils/certs/certs.go:139.2,144.16 3 0
github.com/aserto-dev/go-utils/certs/certs.go:148.2,153.16 3 0
github.com/aserto-dev/go-utils/certs/certs.go:157.2,161.16 2 0
github.com/aserto-dev/go-utils/certs/certs.go:165.2,169.16 2 0
github.com/aserto-dev/go-utils/certs/certs.go:173.2,177.16 2 0
github.com/aserto-dev/go-utils/certs/certs.go:181.2,185.16 2 0
github.com/aserto-dev/go-utils/certs/certs.go:189.2,189.12 1 0
github.com/aserto-dev/go-utils/certs/certs.go:53.16,55.3 1 0
github.com/aserto-dev/go-utils/certs/certs.go:79.16,81.3 1 0
github.com/aserto-dev/go-utils/certs/certs.go:83.16,85.3 1 0
github.com/aserto-dev/go-utils/certs/certs.go:92.16,94.3 1 0
github.com/aserto-dev/go-utils/certs/certs.go:101.16,103.3 1 0
github.com/aserto-dev/go-utils/certs/certs.go:128.16,130.3 1 0
github.com/aserto-dev/go-utils/certs/certs.go:135.16,137.3 1 0
github.com/aserto-dev/go-utils/certs/certs.go:144.16,146.3 1 0
github.com/aserto-dev/go-utils/certs/certs.go:153.16,155.3 1 0
github.com/aserto-dev/go-utils/certs/certs.go:161.16,163.3 1 0
github.com/aserto-dev/go-utils/certs/certs.go:169.16,171.3 1 0
github.com/aserto-dev/go-utils/certs/certs.go:177.16,179.3 1 0
github.com/aserto-dev/go-utils/certs/certs.go:185.16,187.3 1 0
github.com/aserto-dev/go-utils/certs/certs.go:192.52,194.16 2 0
github.com/aserto-dev/go-utils/certs/certs.go:197.2,197.15 1 0
github.com/aserto-dev/go-utils/certs/certs.go:204.2,205.16 2 0
github.com/aserto-dev/go-utils/certs/certs.go:209.2,209.12 1 0
github.com/aserto-dev/go-utils/certs/certs.go:194.16,196.3 1 0
github.com/aserto-dev/go-utils/certs/certs.go:197.15,199.17 2 0
github.com/aserto-dev/go-utils/certs/certs.go:199.17,201.4 1 0
github.com/aserto-dev/go-utils/certs/certs.go:205.16,207.3 1 0
github.com/aserto-dev/go-utils/certs/certs.go:212.62,218.47 4 0
github.com/aserto-dev/go-utils/certs/certs.go:222.2,222.43 1 0
github.com/aserto-dev/go-utils/certs/certs.go:229.2,229.52 1 0
github.com/aserto-dev/go-utils/certs/certs.go:235.2,235.12 1 0
github.com/aserto-dev/go-utils/certs/certs.go:218.47,220.3 1 0
github.com/aserto-dev/go-utils/certs/certs.go:222.43,224.17 2 0
github.com/aserto-dev/go-utils/certs/certs.go:224.17,226.4 1 0
github.com/aserto-dev/go-utils/certs/certs.go:229.52,231.3 1 0
github.com/aserto-dev/go-utils/certs/certs.go:231.8,231.23 1 0
github.com/aserto-dev/go-utils/certs/certs.go:231.23,233.3 1 0
github.com/aserto-dev/go-utils/logger/logger.go:27.66,29.26 2 0
github.com/aserto-dev/go-utils/logger/logger.go:34.2,35.16 2 0
github.com/aserto-dev/go-utils/logger/logger.go:39.2,39.12 1 0
github.com/aserto-dev/go-utils/logger/logger.go:29.26,32.3 2 0
github.com/aserto-dev/go-utils/logger/logger.go:35.16,37.3 1 0
github.com/aserto-dev/go-utils/logger/logger.go:43.75,45.14 2 0
github.com/aserto-dev/go-utils/logger/logger.go:52.2,68.41 10 0
github.com/aserto-dev/go-utils/logger/logger.go:74.2,74.21 1 0
github.com/aserto-dev/go-utils/logger/logger.go:45.14,47.3 1 0
github.com/aserto-dev/go-utils/logger/logger.go:47.8,51.3 3 0
github.com/aserto-dev/go-utils/logger/logger.go:68.41,69.60 1 0
github.com/aserto-dev/go-utils/logger/logger.go:69.60,71.4 1 0
github.com/aserto-dev/go-utils/logger/test_logger.go:11.54,17.16 5 0
github.com/aserto-dev/go-utils/logger/test_logger.go:21.2,21.15 1 0
github.com/aserto-dev/go-utils/logger/test_logger.go:17.16,18.13 1 0
github.com/aserto-dev/go-utils/passwords/random.go:9.39,12.16 3 0
github.com/aserto-dev/go-utils/passwords/random.go:15.2,15.42 1 0
github.com/aserto-dev/go-utils/passwords/random.go:12.16,14.3 1 0
github.com/aserto-dev/go-utils/pb/struct.go:6.35,8.2 1 0
github.com/aserto-dev/go-utils/retry/retry.go:14.66,25.34 3 0
github.com/aserto-dev/go-utils/retry/retry.go:41.2,41.38 1 0
github.com/aserto-dev/go-utils/retry/retry.go:25.34,26.10 1 0
github.com/aserto-dev/go-utils/retry/retry.go:32.3,33.17 2 0
github.com/aserto-dev/go-utils/retry/retry.go:37.3,38.27 2 0
github.com/aserto-dev/go-utils/retry/retry.go:27.12,28.19 1 0
github.com/aserto-dev/go-utils/retry/retry.go:29.11,29.11 0 0
github.com/aserto-dev/go-utils/retry/retry.go:33.17,35.4 1 0
github.com/aserto-dev/go-utils/testutil/debugflag.go:9.26,11.2 1 0
github.com/aserto-dev/go-utils/testutil/printdeep.go:9.48,11.16 2 0
github.com/aserto-dev/go-utils/testutil/printdeep.go:15.2,15.22 1 0
github.com/aserto-dev/go-utils/testutil/printdeep.go:11.16,12.13 1 0
github.com/aserto-dev/go-utils/logger/gprc.go:15.60,18.2 2 0
github.com/aserto-dev/go-utils/logger/gprc.go:21.52,23.2 1 0
github.com/aserto-dev/go-utils/logger/gprc.go:26.68,28.2 1 0
github.com/aserto-dev/go-utils/logger/gprc.go:31.54,33.2 1 0
github.com/aserto-dev/go-utils/logger/gprc.go:36.52,38.2 1 0
github.com/aserto-dev/go-utils/logger/gprc.go:41.68,43.2 1 0
github.com/aserto-dev/go-utils/logger/gprc.go:46.54,48.2 1 0
github.com/aserto-dev/go-utils/logger/gprc.go:51.51,53.2 1 0
github.com/aserto-dev/go-utils/logger/gprc.go:56.67,58.2 1 0
github.com/aserto-dev/go-utils/logger/gprc.go:61.53,63.2 1 0
github.com/aserto-dev/go-utils/logger/gprc.go:66.54,68.2 1 0
github.com/aserto-dev/go-utils/logger/gprc.go:71.70,73.2 1 0
github.com/aserto-dev/go-utils/logger/gprc.go:76.56,78.2 1 0
github.com/aserto-dev/go-utils/logger/gprc.go:81.52,83.2 1 0
github.com/aserto-dev/go-utils/logger/gprc.go:86.68,88.2 1 0
github.com/aserto-dev/go-utils/logger/gprc.go:91.54,93.2 1 0
github.com/aserto-dev/go-utils/logger/gprc.go:96.43,98.2 1 0
github.com/aserto-dev/go-utils/testutil/readlog.go:11.79,15.12 3 0
github.com/aserto-dev/go-utils/testutil/readlog.go:29.2,29.9 1 0
github.com/aserto-dev/go-utils/testutil/readlog.go:15.12,20.17 3 0
github.com/aserto-dev/go-utils/testutil/readlog.go:25.3,26.11 2 0
github.com/aserto-dev/go-utils/testutil/readlog.go:20.17,22.4 1 0
github.com/aserto-dev/go-utils/testutil/readlog.go:22.9,24.4 1 0
github.com/aserto-dev/go-utils/testutil/readlog.go:30.19,31.19 1 0
github.com/aserto-dev/go-utils/testutil/readlog.go:32.18,33.20 1 0
github.com/aserto-dev/go-utils/testutil/readlog.go:36.3,36.17 1 0
github.com/aserto-dev/go-utils/testutil/readlog.go:37.29,38.17 1 0
github.com/aserto-dev/go-utils/testutil/readlog.go:33.20,35.4 1 0
github.com/aserto-dev/go-utils/pb/pb.go:13.55,22.16 2 0
github.com/aserto-dev/go-utils/pb/pb.go:26.2,26.38 1 0
github.com/aserto-dev/go-utils/pb/pb.go:30.2,30.12 1 0
github.com/aserto-dev/go-utils/pb/pb.go:22.16,24.3 1 0
github.com/aserto-dev/go-utils/pb/pb.go:26.38,28.3 1 0
github.com/aserto-dev/go-utils/pb/pb.go:34.55,37.43 2 0
github.com/aserto-dev/go-utils/pb/pb.go:41.2,43.31 1 0
github.com/aserto-dev/go-utils/pb/pb.go:37.43,39.3 1 0
github.com/aserto-dev/go-utils/pb/pb.go:47.60,49.37 2 0
github.com/aserto-dev/go-utils/pb/pb.go:52.2,52.34 1 0
github.com/aserto-dev/go-utils/pb/pb.go:49.37,51.3 1 0
github.com/aserto-dev/go-utils/pb/pb.go:56.43,65.2 1 0
github.com/aserto-dev/go-utils/testutil/ports.go:10.42,13.16 3 0
github.com/aserto-dev/go-utils/testutil/ports.go:16.2,16.17 1 0
github.com/aserto-dev/go-utils/testutil/ports.go:21.2,21.14 1 0
github.com/aserto-dev/go-utils/testutil/ports.go:13.16,15.3 1 0
github.com/aserto-dev/go-utils/testutil/ports.go:16.17,19.3 2 0
github.com/aserto-dev/go-utils/logger/logrus.go:17.57,18.21 1 0
github.com/aserto-dev/go-utils/logger/logrus.go:35.2,35.12 1 0
github.com/aserto-dev/go-utils/logger/logrus.go:19.25,20.60 1 0
github.com/aserto-dev/go-utils/logger/logrus.go:21.25,22.60 1 0
github.com/aserto-dev/go-utils/logger/logrus.go:23.25,24.60 1 0
github.com/aserto-dev/go-utils/logger/logrus.go:25.24,26.59 1 0
github.com/aserto-dev/go-utils/logger/logrus.go:27.24,28.59 1 0
github.com/aserto-dev/go-utils/logger/logrus.go:29.25,30.60 1 0
github.com/aserto-dev/go-utils/logger/logrus.go:31.25,32.60 1 0
github.com/aserto-dev/go-utils/logger/logrus.go:39.49,49.2 1 0
github.com/aserto-dev/go-utils/pb/pb.go:13.55,22.16 2 0
github.com/aserto-dev/go-utils/pb/pb.go:26.2,26.38 1 0
github.com/aserto-dev/go-utils/pb/pb.go:30.2,30.12 1 0
github.com/aserto-dev/go-utils/pb/pb.go:22.16,24.3 1 0
github.com/aserto-dev/go-utils/pb/pb.go:26.38,28.3 1 0
github.com/aserto-dev/go-utils/pb/pb.go:34.55,37.43 2 0
github.com/aserto-dev/go-utils/pb/pb.go:41.2,43.31 1 0
github.com/aserto-dev/go-utils/pb/pb.go:37.43,39.3 1 0
github.com/aserto-dev/go-utils/pb/pb.go:47.60,49.37 2 0
github.com/aserto-dev/go-utils/pb/pb.go:52.2,52.34 1 0
github.com/aserto-dev/go-utils/pb/pb.go:49.37,51.3 1 0
github.com/aserto-dev/go-utils/pb/pb.go:56.43,65.2 1 0
github.com/aserto-dev/go-utils/testutil/vault.go:17.13,20.16 3 1
github.com/aserto-dev/go-utils/testutil/vault.go:20.16,21.13 1 0
github.com/aserto-dev/go-utils/testutil/vault.go:25.26,27.16 2 0
github.com/aserto-dev/go-utils/testutil/vault.go:27.16,28.13 1 0
github.com/aserto-dev/go-utils/testutil/vault.go:38.47,46.27 2 0
github.com/aserto-dev/go-utils/testutil/vault.go:55.2,55.21 1 0
github.com/aserto-dev/go-utils/testutil/vault.go:62.2,62.22 1 0
github.com/aserto-dev/go-utils/testutil/vault.go:82.2,83.16 2 0
github.com/aserto-dev/go-utils/testutil/vault.go:86.2,86.38 1 0
github.com/aserto-dev/go-utils/testutil/vault.go:90.2,92.16 2 0
github.com/aserto-dev/go-utils/testutil/vault.go:96.2,97.16 2 0
github.com/aserto-dev/go-utils/testutil/vault.go:101.2,102.16 2 0
github.com/aserto-dev/go-utils/testutil/vault.go:106.2,106.24 1 0
github.com/aserto-dev/go-utils/testutil/vault.go:46.27,47.15 1 0
github.com/aserto-dev/go-utils/testutil/vault.go:47.15,50.4 2 0
github.com/aserto-dev/go-utils/testutil/vault.go:50.9,51.14 1 0
github.com/aserto-dev/go-utils/testutil/vault.go:55.21,57.9 2 0
github.com/aserto-dev/go-utils/testutil/vault.go:57.9,59.4 1 0
github.com/aserto-dev/go-utils/testutil/vault.go:62.22,64.3 1 0
github.com/aserto-dev/go-utils/testutil/vault.go:64.8,64.29 1 0
github.com/aserto-dev/go-utils/testutil/vault.go:64.29,67.10 3 0
github.com/aserto-dev/go-utils/testutil/vault.go:67.10,69.4 1 0
github.com/aserto-dev/go-utils/testutil/vault.go:70.8,70.29 1 0
github.com/aserto-dev/go-utils/testutil/vault.go:70.29,72.10 2 0
github.com/aserto-dev/go-utils/testutil/vault.go:76.3,77.10 2 0
github.com/aserto-dev/go-utils/testutil/vault.go:72.10,74.4 1 0
github.com/aserto-dev/go-utils/testutil/vault.go:77.10,79.4 1 0
github.com/aserto-dev/go-utils/testutil/vault.go:83.16,85.3 1 0
github.com/aserto-dev/go-utils/testutil/vault.go:86.38,87.13 1 0
github.com/aserto-dev/go-utils/testutil/vault.go:92.16,93.13 1 0
github.com/aserto-dev/go-utils/testutil/vault.go:97.16,98.13 1 0
github.com/aserto-dev/go-utils/testutil/vault.go:102.16,103.13 1 0
github.com/aserto-dev/go-utils/certs/certs.go:35.54,40.2 2 0
github.com/aserto-dev/go-utils/certs/certs.go:44.65,53.16 3 0
github.com/aserto-dev/go-utils/certs/certs.go:57.2,79.16 4 0
github.com/aserto-dev/go-utils/certs/certs.go:82.2,83.16 2 0
github.com/aserto-dev/go-utils/certs/certs.go:87.2,92.16 3 0
github.com/aserto-dev/go-utils/certs/certs.go:96.2,101.16 3 0
github.com/aserto-dev/go-utils/certs/certs.go:105.2,128.16 4 0
github.com/aserto-dev/go-utils/certs/certs.go:132.2,135.16 3 0
github.com/aserto-dev/go-utils/certs/certs.go:139.2,144.16 3 0
github.com/aserto-dev/go-utils/certs/certs.go:148.2,153.16 3 0
github.com/aserto-dev/go-utils/certs/certs.go:157.2,161.16 2 0
github.com/aserto-dev/go-utils/certs/certs.go:165.2,169.16 2 0
github.com/aserto-dev/go-utils/certs/certs.go:173.2,177.16 2 0
github.com/aserto-dev/go-utils/certs/certs.go:181.2,185.16 2 0
github.com/aserto-dev/go-utils/certs/certs.go:189.2,189.12 1 0
github.com/aserto-dev/go-utils/certs/certs.go:53.16,55.3 1 0
github.com/aserto-dev/go-utils/certs/certs.go:79.16,81.3 1 0
github.com/aserto-dev/go-utils/certs/certs.go:83.16,85.3 1 0
github.com/aserto-dev/go-utils/certs/certs.go:92.16,94.3 1 0
github.com/aserto-dev/go-utils/certs/certs.go:101.16,103.3 1 0
github.com/aserto-dev/go-utils/certs/certs.go:128.16,130.3 1 0
github.com/aserto-dev/go-utils/certs/certs.go:135.16,137.3 1 0
github.com/aserto-dev/go-utils/certs/certs.go:144.16,146.3 1 0
github.com/aserto-dev/go-utils/certs/certs.go:153.16,155.3 1 0
github.com/aserto-dev/go-utils/certs/certs.go:161.16,163.3 1 0
github.com/aserto-dev/go-utils/certs/certs.go:169.16,171.3 1 0
github.com/aserto-dev/go-utils/certs/certs.go:177.16,179.3 1 0
github.com/aserto-dev/go-utils/certs/certs.go:185.16,187.3 1 0
github.com/aserto-dev/go-utils/certs/certs.go:192.52,194.16 2 0
github.com/aserto-dev/go-utils/certs/certs.go:197.2,197.15 1 0
github.com/aserto-dev/go-utils/certs/certs.go:204.2,205.16 2 0
github.com/aserto-dev/go-utils/certs/certs.go:209.2,209.12 1 0
github.com/aserto-dev/go-utils/certs/certs.go:194.16,196.3 1 0
github.com/aserto-dev/go-utils/certs/certs.go:197.15,199.17 2 0
github.com/aserto-dev/go-utils/certs/certs.go:199.17,201.4 1 0
github.com/aserto-dev/go-utils/certs/certs.go:205.16,207.3 1 0
github.com/aserto-dev/go-utils/certs/certs.go:212.62,218.47 4 0
github.com/aserto-dev/go-utils/certs/certs.go:222.2,222.43 1 0
github.com/aserto-dev/go-utils/certs/certs.go:229.2,229.52 1 0
github.com/aserto-dev/go-utils/certs/certs.go:235.2,235.12 1 0
github.com/aserto-dev/go-utils/certs/certs.go:218.47,220.3 1 0
github.com/aserto-dev/go-utils/certs/certs.go:222.43,224.17 2 0
github.com/aserto-dev/go-utils/certs/certs.go:224.17,226.4 1 0
github.com/aserto-dev/go-utils/certs/certs.go:229.52,231.3 1 0
github.com/aserto-dev/go-utils/certs/certs.go:231.8,231.23 1 0
github.com/aserto-dev/go-utils/certs/certs.go:231.23,233.3 1 0
github.com/aserto-dev/go-utils/certs/tls.go:21.90,23.16 2 0
github.com/aserto-dev/go-utils/certs/tls.go:27.2,32.43 2 0
github.com/aserto-dev/go-utils/certs/tls.go:23.16,25.3 1 0
github.com/aserto-dev/go-utils/certs/tls.go:36.95,40.16 3 0
github.com/aserto-dev/go-utils/certs/tls.go:44.2,45.9 2 0
github.com/aserto-dev/go-utils/certs/tls.go:49.2,50.16 2 0
github.com/aserto-dev/go-utils/certs/tls.go:54.2,60.25 2 0
github.com/aserto-dev/go-utils/certs/tls.go:40.16,42.3 1 0
github.com/aserto-dev/go-utils/certs/tls.go:45.9,47.3 1 0
github.com/aserto-dev/go-utils/certs/tls.go:50.16,52.3 1 0
github.com/aserto-dev/go-utils/certs/tls.go:64.73,66.16 2 0
github.com/aserto-dev/go-utils/certs/tls.go:70.2,75.23 2 0
github.com/aserto-dev/go-utils/certs/tls.go:66.16,68.3 1 0
github.com/aserto-dev/go-utils/logger/gprc.go:15.60,18.2 2 0
github.com/aserto-dev/go-utils/logger/gprc.go:21.52,23.2 1 0
github.com/aserto-dev/go-utils/logger/gprc.go:26.68,28.2 1 0
github.com/aserto-dev/go-utils/logger/gprc.go:31.54,33.2 1 0
github.com/aserto-dev/go-utils/logger/gprc.go:36.52,38.2 1 0
github.com/aserto-dev/go-utils/logger/gprc.go:41.68,43.2 1 0
github.com/aserto-dev/go-utils/logger/gprc.go:46.54,48.2 1 0
github.com/aserto-dev/go-utils/logger/gprc.go:51.51,53.2 1 0
github.com/aserto-dev/go-utils/logger/gprc.go:56.67,58.2 1 0
github.com/aserto-dev/go-utils/logger/gprc.go:61.53,63.2 1 0
github.com/aserto-dev/go-utils/logger/gprc.go:66.54,68.2 1 0
github.com/aserto-dev/go-utils/logger/gprc.go:71.70,73.2 1 0
github.com/aserto-dev/go-utils/logger/gprc.go:76.56,78.2 1 0
github.com/aserto-dev/go-utils/logger/gprc.go:81.52,83.2 1 0
github.com/aserto-dev/go-utils/logger/gprc.go:86.68,88.2 1 0
github.com/aserto-dev/go-utils/logger/gprc.go:91.54,93.2 1 0
github.com/aserto-dev/go-utils/logger/gprc.go:96.43,98.2 1 0
github.com/aserto-dev/go-utils/logger/logger.go:27.66,29.26 2 0
github.com/aserto-dev/go-utils/logger/logger.go:34.2,35.16 2 0
github.com/aserto-dev/go-utils/logger/logger.go:39.2,39.12 1 0
github.com/aserto-dev/go-utils/logger/logger.go:29.26,32.3 2 0
github.com/aserto-dev/go-utils/logger/logger.go:35.16,37.3 1 0
github.com/aserto-dev/go-utils/logger/logger.go:43.75,45.14 2 0
github.com/aserto-dev/go-utils/logger/logger.go:52.2,68.41 10 0
github.com/aserto-dev/go-utils/logger/logger.go:74.2,74.21 1 0
github.com/aserto-dev/go-utils/logger/logger.go:45.14,47.3 1 0
github.com/aserto-dev/go-utils/logger/logger.go:47.8,51.3 3 0
github.com/aserto-dev/go-utils/logger/logger.go:68.41,69.60 1 0
github.com/aserto-dev/go-utils/logger/logger.go:69.60,71.4 1 0
github.com/aserto-dev/go-utils/testutil/readlog.go:11.79,15.12 3 0
github.com/aserto-dev/go-utils/testutil/readlog.go:29.2,29.9 1 0
github.com/aserto-dev/go-utils/testutil/readlog.go:15.12,20.17 3 0
github.com/aserto-dev/go-utils/testutil/readlog.go:25.3,26.11 2 0
github.com/aserto-dev/go-utils/testutil/readlog.go:20.17,22.4 1 0
github.com/aserto-dev/go-utils/testutil/readlog.go:22.9,24.4 1 0
github.com/aserto-dev/go-utils/testutil/readlog.go:30.19,31.19 1 0
github.com/aserto-dev/go-utils/testutil/readlog.go:32.18,33.20 1 0
github.com/aserto-dev/go-utils/testutil/readlog.go:36.3,36.17 1 0
github.com/aserto-dev/go-utils/testutil/readlog.go:37.29,38.17 1 0
github.com/aserto-dev/go-utils/testutil/readlog.go:33.20,35.4 1 0
github.com/aserto-dev/go-utils/testutil/test_debug.go:17.64,19.16 2 0
github.com/aserto-dev/go-utils/testutil/test_debug.go:22.2,31.3 3 0
github.com/aserto-dev/go-utils/testutil/test_debug.go:19.16,21.3 1 0
github.com/aserto-dev/go-utils/testutil/test_debug.go:34.52,36.16 2 0
github.com/aserto-dev/go-utils/testutil/test_debug.go:40.2,41.16 2 0
github.com/aserto-dev/go-utils/testutil/test_debug.go:45.2,45.20 1 0
github.com/aserto-dev/go-utils/testutil/test_debug.go:52.2,52.20 1 0
github.com/aserto-dev/go-utils/testutil/test_debug.go:36.16,38.3 1 0
github.com/aserto-dev/go-utils/testutil/test_debug.go:41.16,43.3 1 0
github.com/aserto-dev/go-utils/testutil/test_debug.go:45.20,47.17 2 0
github.com/aserto-dev/go-utils/testutil/test_debug.go:47.17,49.4 1 0
github.com/aserto-dev/go-utils/testutil/test_debug.go:55.53,57.2 1 0
github.com/aserto-dev/go-utils/cerr/errors.go:102.74,104.2 1 1
github.com/aserto-dev/go-utils/cerr/errors.go:118.46,120.9 2 0
github.com/aserto-dev/go-utils/cerr/errors.go:124.2,124.28 1 0
github.com/aserto-dev/go-utils/cerr/errors.go:120.9,122.3 1 0
github.com/aserto-dev/go-utils/cerr/errors.go:127.43,130.27 2 0
github.com/aserto-dev/go-utils/cerr/errors.go:134.2,140.3 1 0
github.com/aserto-dev/go-utils/cerr/errors.go:130.27,132.3 1 0
github.com/aserto-dev/go-utils/cerr/errors.go:143.38,146.21 2 0
github.com/aserto-dev/go-utils/cerr/errors.go:154.2,154.24 1 0
github.com/aserto-dev/go-utils/cerr/errors.go:146.21,149.34 2 0
github.com/aserto-dev/go-utils/cerr/errors.go:149.34,151.4 1 0
github.com/aserto-dev/go-utils/cerr/errors.go:154.24,156.3 1 0
github.com/aserto-dev/go-utils/cerr/errors.go:156.8,158.3 1 0
github.com/aserto-dev/go-utils/cerr/errors.go:161.55,164.27 2 0
github.com/aserto-dev/go-utils/cerr/errors.go:168.2,168.15 1 0
github.com/aserto-dev/go-utils/cerr/errors.go:164.27,166.3 1 0
github.com/aserto-dev/go-utils/cerr/errors.go:172.51,173.16 1 0
github.com/aserto-dev/go-utils/cerr/errors.go:176.2,180.40 3 0
github.com/aserto-dev/go-utils/cerr/errors.go:188.2,188.10 1 0
github.com/aserto-dev/go-utils/cerr/errors.go:173.16,175.3 1 0
github.com/aserto-dev/go-utils/cerr/errors.go:180.40,181.31 1 0
github.com/aserto-dev/go-utils/cerr/errors.go:181.31,182.31 1 0
github.com/aserto-dev/go-utils/cerr/errors.go:182.31,184.5 1 0
github.com/aserto-dev/go-utils/cerr/errors.go:191.56,194.47 2 0
github.com/aserto-dev/go-utils/cerr/errors.go:200.2,200.10 1 0
github.com/aserto-dev/go-utils/cerr/errors.go:194.47,196.3 1 0
github.com/aserto-dev/go-utils/cerr/errors.go:196.8,198.3 1 0
github.com/aserto-dev/go-utils/cerr/errors.go:203.78,208.47 3 0
github.com/aserto-dev/go-utils/cerr/errors.go:213.2,213.10 1 0
github.com/aserto-dev/go-utils/cerr/errors.go:208.47,210.3 1 0
github.com/aserto-dev/go-utils/cerr/errors.go:210.8,212.3 1 0
github.com/aserto-dev/go-utils/cerr/errors.go:216.59,220.2 3 0
github.com/aserto-dev/go-utils/cerr/errors.go:222.63,226.2 3 0
github.com/aserto-dev/go-utils/cerr/errors.go:228.65,232.2 3 0
github.com/aserto-dev/go-utils/cerr/errors.go:234.78,238.2 3 0
github.com/aserto-dev/go-utils/cerr/errors.go:240.70,244.2 3 0
github.com/aserto-dev/go-utils/cerr/errors.go:246.76,250.16 3 0
github.com/aserto-dev/go-utils/cerr/errors.go:254.2,257.10 3 0
github.com/aserto-dev/go-utils/cerr/errors.go:250.16,252.3 1 0
github.com/aserto-dev/go-utils/cerr/errors.go:260.77,264.2 3 0
github.com/aserto-dev/go-utils/cerr/errors.go:266.38,267.21 1 0
github.com/aserto-dev/go-utils/cerr/errors.go:271.2,271.12 1 0
github.com/aserto-dev/go-utils/cerr/errors.go:267.21,269.3 1 0
github.com/aserto-dev/go-utils/cerr/errors.go:274.37,275.21 1 0
github.com/aserto-dev/go-utils/cerr/errors.go:279.2,279.12 1 0
github.com/aserto-dev/go-utils/cerr/errors.go:275.21,277.3 1 0
github.com/aserto-dev/go-utils/cerr/errors.go:282.66,285.2 2 0
github.com/aserto-dev/go-utils/logger/logrus.go:17.57,18.21 1 0
github.com/aserto-dev/go-utils/logger/logrus.go:35.2,35.12 1 0
github.com/aserto-dev/go-utils/logger/logrus.go:19.25,20.60 1 0
github.com/aserto-dev/go-utils/logger/logrus.go:21.25,22.60 1 0
github.com/aserto-dev/go-utils/logger/logrus.go:23.25,24.60 1 0
github.com/aserto-dev/go-utils/logger/logrus.go:25.24,26.59 1 0
github.com/aserto-dev/go-utils/logger/logrus.go:27.24,28.59 1 0
github.com/aserto-dev/go-utils/logger/logrus.go:29.25,30.60 1 0
github.com/aserto-dev/go-utils/logger/logrus.go:31.25,32.60 1 0
github.com/aserto-dev/go-utils/logger/logrus.go:39.49,49.2 1 0
github.com/aserto-dev/go-utils/testutil/quick_json.go:8.51,10.16 2 0
github.com/aserto-dev/go-utils/testutil/quick_json.go:14.2,14.18 1 0
github.com/aserto-dev/go-utils/testutil/quick_json.go:10.16,12.3 1 0
github.com/aserto-dev/go-utils/retry/retry.go:14.66,25.34 3 1
github.com/aserto-dev/go-utils/retry/retry.go:41.2,41.38 1 0
github.com/aserto-dev/go-utils/retry/retry.go:25.34,26.10 1 1
github.com/aserto-dev/go-utils/retry/retry.go:32.3,33.17 2 1
github.com/aserto-dev/go-utils/retry/retry.go:37.3,38.27 2 1
github.com/aserto-dev/go-utils/retry/retry.go:27.12,28.19 1 0
github.com/aserto-dev/go-utils/retry/retry.go:29.11,29.11 0 1
github.com/aserto-dev/go-utils/retry/retry.go:33.17,35.4 1 1
github.com/aserto-dev/go-utils/testutil/ports.go:10.42,13.16 3 0
github.com/aserto-dev/go-utils/testutil/ports.go:16.2,16.17 1 0
github.com/aserto-dev/go-utils/testutil/ports.go:21.2,21.14 1 0
github.com/aserto-dev/go-utils/testutil/ports.go:13.16,15.3 1 0
github.com/aserto-dev/go-utils/testutil/ports.go:16.17,19.3 2 0
github.com/aserto-dev/go-utils/testutil/printdeep.go:9.48,11.16 2 0
github.com/aserto-dev/go-utils/testutil/printdeep.go:15.2,15.22 1 0
github.com/aserto-dev/go-utils/testutil/printdeep.go:11.16,12.13 1 0
github.com/aserto-dev/go-utils/logger/stdlog.go:15.62,17.2 1 0
github.com/aserto-dev/go-utils/logger/stdlog.go:19.60,22.2 2 0
github.com/aserto-dev/go-utils/logger/stdlog.go:26.55,28.2 1 0
github.com/aserto-dev/go-utils/logger/test_logger.go:11.54,17.16 5 0
github.com/aserto-dev/go-utils/logger/test_logger.go:21.2,21.15 1 0
github.com/aserto-dev/go-utils/logger/test_logger.go:17.16,18.13 1 0
github.com/aserto-dev/go-utils/passwords/random.go:9.39,12.16 3 0
github.com/aserto-dev/go-utils/passwords/random.go:15.2,15.42 1 0
github.com/aserto-dev/go-utils/passwords/random.go:12.16,14.3 1 0
github.com/aserto-dev/go-utils/pb/struct.go:6.35,8.2 1 0
github.com/aserto-dev/go-utils/testutil/debugflag.go:9.26,11.2 1 0
github.com/aserto-dev/go-utils/testutil/json_equal.go:10.64,16.16 5 0
github.com/aserto-dev/go-utils/testutil/json_equal.go:19.2,20.16 2 0
github.com/aserto-dev/go-utils/testutil/json_equal.go:24.2,24.27 1 0
github.com/aserto-dev/go-utils/testutil/json_equal.go:16.16,18.3 1 0
github.com/aserto-dev/go-utils/testutil/json_equal.go:20.16,22.3 1 0
